{"uuid":"8413e29b-62a9-48c3-8ca8-a20afcd95443","historyId":"9e005c86162c7a01880c9fa1d8f628a4","fullName":"com.qa.shop.tests.favourite.FavouriteTest.favouriteTest","labels":[{"name":"package","value":"com.qa.shop.tests.favourite.FavouriteTest"},{"name":"testClass","value":"com.qa.shop.tests.favourite.FavouriteTest"},{"name":"testMethod","value":"favouriteTest"},{"name":"parentSuite","value":"Default Suite"},{"name":"suite","value":"AutomateTesting"},{"name":"subSuite","value":"com.qa.shop.tests.favourite.FavouriteTest"},{"name":"host","value":"DESKTOP-LFV37HU"},{"name":"thread","value":"304@DESKTOP-LFV37HU.main(1)"}],"links":[],"name":"Добавление в избранное","status":"failed","statusDetails":{"known":false,"muted":false,"flaky":false,"message":"Element not found","trace":"java.lang.AssertionError: Element not found\r\n\tat org.testng.Assert.fail(Assert.java:96)\r\n\tat com.qa.shop.pages.AbstractPageObject.findInList(AbstractPageObject.java:84)\r\n\tat com.qa.shop.pages.catalog.CatalogPanel.chooseProduct(CatalogPanel.java:38)\r\n\tat com.qa.shop.tests.favourite.FavouriteTest.chooseProduct_aroundBody8(FavouriteTest.java:52)\r\n\tat com.qa.shop.tests.favourite.FavouriteTest$AjcClosure9.run(FavouriteTest.java:1)\r\n\tat org.aspectj.runtime.reflect.JoinPointImpl.proceed(JoinPointImpl.java:149)\r\n\tat io.qameta.allure.aspects.StepsAspects.step(StepsAspects.java:51)\r\n\tat com.qa.shop.tests.favourite.FavouriteTest.chooseProduct(FavouriteTest.java:52)\r\n\tat com.qa.shop.tests.favourite.FavouriteTest.favouriteTest(FavouriteTest.java:81)\r\n\tat java.base/jdk.internal.reflect.NativeMethodAccessorImpl.invoke0(Native Method)\r\n\tat java.base/jdk.internal.reflect.NativeMethodAccessorImpl.invoke(NativeMethodAccessorImpl.java:62)\r\n\tat java.base/jdk.internal.reflect.DelegatingMethodAccessorImpl.invoke(DelegatingMethodAccessorImpl.java:43)\r\n\tat java.base/java.lang.reflect.Method.invoke(Method.java:567)\r\n\tat org.testng.internal.MethodInvocationHelper.invokeMethod(MethodInvocationHelper.java:124)\r\n\tat org.testng.internal.Invoker.invokeMethod(Invoker.java:583)\r\n\tat org.testng.internal.Invoker.invokeTestMethod(Invoker.java:719)\r\n\tat org.testng.internal.Invoker.invokeTestMethods(Invoker.java:989)\r\n\tat org.testng.internal.TestMethodWorker.invokeTestMethods(TestMethodWorker.java:125)\r\n\tat org.testng.internal.TestMethodWorker.run(TestMethodWorker.java:109)\r\n\tat org.testng.TestRunner.privateRun(TestRunner.java:648)\r\n\tat org.testng.TestRunner.run(TestRunner.java:505)\r\n\tat org.testng.SuiteRunner.runTest(SuiteRunner.java:455)\r\n\tat org.testng.SuiteRunner.runSequentially(SuiteRunner.java:450)\r\n\tat org.testng.SuiteRunner.privateRun(SuiteRunner.java:415)\r\n\tat org.testng.SuiteRunner.run(SuiteRunner.java:364)\r\n\tat org.testng.SuiteRunnerWorker.runSuite(SuiteRunnerWorker.java:52)\r\n\tat org.testng.SuiteRunnerWorker.run(SuiteRunnerWorker.java:84)\r\n\tat org.testng.TestNG.runSuitesSequentially(TestNG.java:1208)\r\n\tat org.testng.TestNG.runSuitesLocally(TestNG.java:1137)\r\n\tat org.testng.TestNG.runSuites(TestNG.java:1049)\r\n\tat org.testng.TestNG.run(TestNG.java:1017)\r\n\tat com.intellij.rt.testng.IDEARemoteTestNG.run(IDEARemoteTestNG.java:66)\r\n\tat com.intellij.rt.testng.RemoteTestNGStarter.main(RemoteTestNGStarter.java:110)\r\n"},"stage":"finished","start":1647780380839,"stop":1647780387822,"steps":[{"name":"Открыть главную страницу","status":"passed","stage":"finished","start":1647780380867,"stop":1647780381611},{"name":"Выбрать в каталоге ноутбуки","status":"passed","stage":"finished","start":1647780381611,"stop":1647780384285},{"name":"Выбрать ноутбуки 'Acer'","status":"passed","stage":"finished","start":1647780384286,"stop":1647780385842},{"name":"Нажимаем кнопку 'Применить'","status":"passed","stage":"finished","start":1647780385842,"stop":1647780386463},{"name":"Выбираем товар A715-75G-500Y","status":"failed","statusDetails":{"known":false,"muted":false,"flaky":false,"message":"Element not found","trace":"java.lang.AssertionError: Element not found\r\n\tat org.testng.Assert.fail(Assert.java:96)\r\n\tat com.qa.shop.pages.AbstractPageObject.findInList(AbstractPageObject.java:84)\r\n\tat com.qa.shop.pages.catalog.CatalogPanel.chooseProduct(CatalogPanel.java:38)\r\n\tat com.qa.shop.tests.favourite.FavouriteTest.chooseProduct_aroundBody8(FavouriteTest.java:52)\r\n\tat com.qa.shop.tests.favourite.FavouriteTest$AjcClosure9.run(FavouriteTest.java:1)\r\n\tat org.aspectj.runtime.reflect.JoinPointImpl.proceed(JoinPointImpl.java:149)\r\n\tat io.qameta.allure.aspects.StepsAspects.step(StepsAspects.java:51)\r\n\tat com.qa.shop.tests.favourite.FavouriteTest.chooseProduct(FavouriteTest.java:52)\r\n\tat com.qa.shop.tests.favourite.FavouriteTest.favouriteTest(FavouriteTest.java:81)\r\n\tat java.base/jdk.internal.reflect.NativeMethodAccessorImpl.invoke0(Native Method)\r\n\tat java.base/jdk.internal.reflect.NativeMethodAccessorImpl.invoke(NativeMethodAccessorImpl.java:62)\r\n\tat java.base/jdk.internal.reflect.DelegatingMethodAccessorImpl.invoke(DelegatingMethodAccessorImpl.java:43)\r\n\tat java.base/java.lang.reflect.Method.invoke(Method.java:567)\r\n\tat org.testng.internal.MethodInvocationHelper.invokeMethod(MethodInvocationHelper.java:124)\r\n\tat org.testng.internal.Invoker.invokeMethod(Invoker.java:583)\r\n\tat org.testng.internal.Invoker.invokeTestMethod(Invoker.java:719)\r\n\tat org.testng.internal.Invoker.invokeTestMethods(Invoker.java:989)\r\n\tat org.testng.internal.TestMethodWorker.invokeTestMethods(TestMethodWorker.java:125)\r\n\tat org.testng.internal.TestMethodWorker.run(TestMethodWorker.java:109)\r\n\tat org.testng.TestRunner.privateRun(TestRunner.java:648)\r\n\tat org.testng.TestRunner.run(TestRunner.java:505)\r\n\tat org.testng.SuiteRunner.runTest(SuiteRunner.java:455)\r\n\tat org.testng.SuiteRunner.runSequentially(SuiteRunner.java:450)\r\n\tat org.testng.SuiteRunner.privateRun(SuiteRunner.java:415)\r\n\tat org.testng.SuiteRunner.run(SuiteRunner.java:364)\r\n\tat org.testng.SuiteRunnerWorker.runSuite(SuiteRunnerWorker.java:52)\r\n\tat org.testng.SuiteRunnerWorker.run(SuiteRunnerWorker.java:84)\r\n\tat org.testng.TestNG.runSuitesSequentially(TestNG.java:1208)\r\n\tat org.testng.TestNG.runSuitesLocally(TestNG.java:1137)\r\n\tat org.testng.TestNG.runSuites(TestNG.java:1049)\r\n\tat org.testng.TestNG.run(TestNG.java:1017)\r\n\tat com.intellij.rt.testng.IDEARemoteTestNG.run(IDEARemoteTestNG.java:66)\r\n\tat com.intellij.rt.testng.RemoteTestNGStarter.main(RemoteTestNGStarter.java:110)\r\n"},"stage":"finished","start":1647780386464,"stop":1647780387813,"parameters":[{"name":"product","value":"A715-75G-500Y"}]}],"parameters":[]}