{"uuid":"ee703845-33b6-4fe0-99ac-b40926c00000","historyId":"fd1b77d1822411331be3c01daf6ad0dd","fullName":"com.qa.shop.tests.filters.FiltersTest.favouriteTest","labels":[{"name":"package","value":"com.qa.shop.tests.filters.FiltersTest"},{"name":"testClass","value":"com.qa.shop.tests.filters.FiltersTest"},{"name":"testMethod","value":"favouriteTest"},{"name":"parentSuite","value":"Default Suite"},{"name":"suite","value":"AutomateTesting"},{"name":"subSuite","value":"com.qa.shop.tests.filters.FiltersTest"},{"name":"host","value":"DESKTOP-LFV37HU"},{"name":"thread","value":"6920@DESKTOP-LFV37HU.main(1)"}],"links":[],"name":"Проверка работы фильтров","status":"broken","statusDetails":{"known":false,"muted":false,"flaky":false,"message":"stale element reference: element is not attached to the page document\n  (Session info: chrome=99.0.4844.74)\nFor documentation on this error, please visit: https://selenium.dev/exceptions/#stale_element_reference\nBuild info: version: '4.1.2', revision: '9a5a329c5a'\nSystem info: host: 'DESKTOP-LFV37HU', ip: '192.168.56.1', os.name: 'Windows 10', os.arch: 'amd64', os.version: '10.0', java.version: '12.0.2'\nDriver info: org.openqa.selenium.chrome.ChromeDriver\nCommand: [0e29c4236777bcd55219ec86a4047cf3, getElementText {id=88269e1a-52fd-4c96-802b-aacc8ca26f2b}]\nCapabilities {acceptInsecureCerts: false, browserName: chrome, browserVersion: 99.0.4844.74, chrome: {chromedriverVersion: 99.0.4844.51 (d537ec02474b5..., userDataDir: C:\\Users\\lezgy\\AppData\\Loca...}, goog:chromeOptions: {debuggerAddress: localhost:62090}, javascriptEnabled: true, networkConnectionEnabled: false, pageLoadStrategy: eager, platform: WINDOWS, platformName: WINDOWS, proxy: Proxy(), se:cdp: ws://localhost:62090/devtoo..., se:cdpVersion: 99.0.4844.74, setWindowRect: true, strictFileInteractability: false, timeouts: {implicit: 0, pageLoad: 300000, script: 30000}, unhandledPromptBehavior: dismiss and notify, webauthn:extension:credBlob: true, webauthn:extension:largeBlob: true, webauthn:virtualAuthenticators: true}\nElement: [[[[ChromeDriver: chrome on WINDOWS (0e29c4236777bcd55219ec86a4047cf3)] -> xpath: //div[contains(@class, 'catalog-products')]//div[@data-id='product']]] -> xpath: .//div[@class='product-buy__price']]\nSession ID: 0e29c4236777bcd55219ec86a4047cf3","trace":"org.openqa.selenium.StaleElementReferenceException: stale element reference: element is not attached to the page document\n  (Session info: chrome=99.0.4844.74)\nFor documentation on this error, please visit: https://selenium.dev/exceptions/#stale_element_reference\nBuild info: version: '4.1.2', revision: '9a5a329c5a'\nSystem info: host: 'DESKTOP-LFV37HU', ip: '192.168.56.1', os.name: 'Windows 10', os.arch: 'amd64', os.version: '10.0', java.version: '12.0.2'\nDriver info: org.openqa.selenium.chrome.ChromeDriver\nCommand: [0e29c4236777bcd55219ec86a4047cf3, getElementText {id=88269e1a-52fd-4c96-802b-aacc8ca26f2b}]\nCapabilities {acceptInsecureCerts: false, browserName: chrome, browserVersion: 99.0.4844.74, chrome: {chromedriverVersion: 99.0.4844.51 (d537ec02474b5..., userDataDir: C:\\Users\\lezgy\\AppData\\Loca...}, goog:chromeOptions: {debuggerAddress: localhost:62090}, javascriptEnabled: true, networkConnectionEnabled: false, pageLoadStrategy: eager, platform: WINDOWS, platformName: WINDOWS, proxy: Proxy(), se:cdp: ws://localhost:62090/devtoo..., se:cdpVersion: 99.0.4844.74, setWindowRect: true, strictFileInteractability: false, timeouts: {implicit: 0, pageLoad: 300000, script: 30000}, unhandledPromptBehavior: dismiss and notify, webauthn:extension:credBlob: true, webauthn:extension:largeBlob: true, webauthn:virtualAuthenticators: true}\nElement: [[[[ChromeDriver: chrome on WINDOWS (0e29c4236777bcd55219ec86a4047cf3)] -> xpath: //div[contains(@class, 'catalog-products')]//div[@data-id='product']]] -> xpath: .//div[@class='product-buy__price']]\nSession ID: 0e29c4236777bcd55219ec86a4047cf3\r\n\tat java.base/jdk.internal.reflect.NativeConstructorAccessorImpl.newInstance0(Native Method)\r\n\tat java.base/jdk.internal.reflect.NativeConstructorAccessorImpl.newInstance(NativeConstructorAccessorImpl.java:62)\r\n\tat java.base/jdk.internal.reflect.DelegatingConstructorAccessorImpl.newInstance(DelegatingConstructorAccessorImpl.java:45)\r\n\tat java.base/java.lang.reflect.Constructor.newInstanceWithCaller(Constructor.java:500)\r\n\tat java.base/java.lang.reflect.Constructor.newInstance(Constructor.java:481)\r\n\tat org.openqa.selenium.remote.codec.w3c.W3CHttpResponseCodec.createException(W3CHttpResponseCodec.java:200)\r\n\tat org.openqa.selenium.remote.codec.w3c.W3CHttpResponseCodec.decode(W3CHttpResponseCodec.java:133)\r\n\tat org.openqa.selenium.remote.codec.w3c.W3CHttpResponseCodec.decode(W3CHttpResponseCodec.java:53)\r\n\tat org.openqa.selenium.remote.HttpCommandExecutor.execute(HttpCommandExecutor.java:184)\r\n\tat org.openqa.selenium.remote.service.DriverCommandExecutor.invokeExecute(DriverCommandExecutor.java:167)\r\n\tat org.openqa.selenium.remote.service.DriverCommandExecutor.execute(DriverCommandExecutor.java:142)\r\n\tat org.openqa.selenium.remote.RemoteWebDriver.execute(RemoteWebDriver.java:558)\r\n\tat org.openqa.selenium.remote.RemoteWebElement.execute(RemoteWebElement.java:251)\r\n\tat org.openqa.selenium.remote.RemoteWebElement.getText(RemoteWebElement.java:201)\r\n\tat com.qa.shop.pages.catalog.CatalogPanel.lambda$checkProductPrice$1(CatalogPanel.java:90)\r\n\tat java.base/java.util.stream.ReferencePipeline$3$1.accept(ReferencePipeline.java:195)\r\n\tat java.base/java.util.ArrayList$ArrayListSpliterator.tryAdvance(ArrayList.java:1631)\r\n\tat java.base/java.util.stream.ReferencePipeline.forEachWithCancel(ReferencePipeline.java:127)\r\n\tat java.base/java.util.stream.AbstractPipeline.copyIntoWithCancel(AbstractPipeline.java:502)\r\n\tat java.base/java.util.stream.AbstractPipeline.copyInto(AbstractPipeline.java:488)\r\n\tat java.base/java.util.stream.AbstractPipeline.wrapAndCopyInto(AbstractPipeline.java:474)\r\n\tat java.base/java.util.stream.MatchOps$MatchOp.evaluateSequential(MatchOps.java:230)\r\n\tat java.base/java.util.stream.MatchOps$MatchOp.evaluateSequential(MatchOps.java:196)\r\n\tat java.base/java.util.stream.AbstractPipeline.evaluate(AbstractPipeline.java:234)\r\n\tat java.base/java.util.stream.ReferencePipeline.allMatch(ReferencePipeline.java:533)\r\n\tat com.qa.shop.pages.catalog.CatalogPanel.checkProductPrice(CatalogPanel.java:94)\r\n\tat com.qa.shop.tests.filters.FiltersTest.checkProductPrice_aroundBody8(FiltersTest.java:53)\r\n\tat com.qa.shop.tests.filters.FiltersTest$AjcClosure9.run(FiltersTest.java:1)\r\n\tat org.aspectj.runtime.reflect.JoinPointImpl.proceed(JoinPointImpl.java:149)\r\n\tat io.qameta.allure.aspects.StepsAspects.step(StepsAspects.java:51)\r\n\tat com.qa.shop.tests.filters.FiltersTest.checkProductPrice(FiltersTest.java:53)\r\n\tat com.qa.shop.tests.filters.FiltersTest.favouriteTest(FiltersTest.java:63)\r\n\tat java.base/jdk.internal.reflect.NativeMethodAccessorImpl.invoke0(Native Method)\r\n\tat java.base/jdk.internal.reflect.NativeMethodAccessorImpl.invoke(NativeMethodAccessorImpl.java:62)\r\n\tat java.base/jdk.internal.reflect.DelegatingMethodAccessorImpl.invoke(DelegatingMethodAccessorImpl.java:43)\r\n\tat java.base/java.lang.reflect.Method.invoke(Method.java:567)\r\n\tat org.testng.internal.MethodInvocationHelper.invokeMethod(MethodInvocationHelper.java:124)\r\n\tat org.testng.internal.Invoker.invokeMethod(Invoker.java:583)\r\n\tat org.testng.internal.Invoker.invokeTestMethod(Invoker.java:719)\r\n\tat org.testng.internal.Invoker.invokeTestMethods(Invoker.java:989)\r\n\tat org.testng.internal.TestMethodWorker.invokeTestMethods(TestMethodWorker.java:125)\r\n\tat org.testng.internal.TestMethodWorker.run(TestMethodWorker.java:109)\r\n\tat org.testng.TestRunner.privateRun(TestRunner.java:648)\r\n\tat org.testng.TestRunner.run(TestRunner.java:505)\r\n\tat org.testng.SuiteRunner.runTest(SuiteRunner.java:455)\r\n\tat org.testng.SuiteRunner.runSequentially(SuiteRunner.java:450)\r\n\tat org.testng.SuiteRunner.privateRun(SuiteRunner.java:415)\r\n\tat org.testng.SuiteRunner.run(SuiteRunner.java:364)\r\n\tat org.testng.SuiteRunnerWorker.runSuite(SuiteRunnerWorker.java:52)\r\n\tat org.testng.SuiteRunnerWorker.run(SuiteRunnerWorker.java:84)\r\n\tat org.testng.TestNG.runSuitesSequentially(TestNG.java:1208)\r\n\tat org.testng.TestNG.runSuitesLocally(TestNG.java:1137)\r\n\tat org.testng.TestNG.runSuites(TestNG.java:1049)\r\n\tat org.testng.TestNG.run(TestNG.java:1017)\r\n\tat com.intellij.rt.testng.IDEARemoteTestNG.run(IDEARemoteTestNG.java:66)\r\n\tat com.intellij.rt.testng.RemoteTestNGStarter.main(RemoteTestNGStarter.java:110)\r\n"},"stage":"finished","start":1647792688620,"stop":1647792695649,"steps":[{"name":"Открыть главную страницу","status":"passed","stage":"finished","start":1647792688647,"stop":1647792689384},{"name":"Перейти в раздел 'Планшеты'","status":"passed","stage":"finished","start":1647792689384,"stop":1647792692103},{"name":"Устанавливаем максимальную цену '{}'","status":"passed","stage":"finished","start":1647792692104,"stop":1647792693474,"parameters":[{"name":"priceTo","value":"15000"}]},{"name":"Нажимаем кнопку 'Применить'","status":"passed","stage":"finished","start":1647792693475,"stop":1647792694124},{"name":"Проверяем что цены меньше {}","status":"broken","statusDetails":{"known":false,"muted":false,"flaky":false,"message":"stale element reference: element is not attached to the page document\n  (Session info: chrome=99.0.4844.74)\nFor documentation on this error, please visit: https://selenium.dev/exceptions/#stale_element_reference\nBuild info: version: '4.1.2', revision: '9a5a329c5a'\nSystem info: host: 'DESKTOP-LFV37HU', ip: '192.168.56.1', os.name: 'Windows 10', os.arch: 'amd64', os.version: '10.0', java.version: '12.0.2'\nDriver info: org.openqa.selenium.chrome.ChromeDriver\nCommand: [0e29c4236777bcd55219ec86a4047cf3, getElementText {id=88269e1a-52fd-4c96-802b-aacc8ca26f2b}]\nCapabilities {acceptInsecureCerts: false, browserName: chrome, browserVersion: 99.0.4844.74, chrome: {chromedriverVersion: 99.0.4844.51 (d537ec02474b5..., userDataDir: C:\\Users\\lezgy\\AppData\\Loca...}, goog:chromeOptions: {debuggerAddress: localhost:62090}, javascriptEnabled: true, networkConnectionEnabled: false, pageLoadStrategy: eager, platform: WINDOWS, platformName: WINDOWS, proxy: Proxy(), se:cdp: ws://localhost:62090/devtoo..., se:cdpVersion: 99.0.4844.74, setWindowRect: true, strictFileInteractability: false, timeouts: {implicit: 0, pageLoad: 300000, script: 30000}, unhandledPromptBehavior: dismiss and notify, webauthn:extension:credBlob: true, webauthn:extension:largeBlob: true, webauthn:virtualAuthenticators: true}\nElement: [[[[ChromeDriver: chrome on WINDOWS (0e29c4236777bcd55219ec86a4047cf3)] -> xpath: //div[contains(@class, 'catalog-products')]//div[@data-id='product']]] -> xpath: .//div[@class='product-buy__price']]\nSession ID: 0e29c4236777bcd55219ec86a4047cf3","trace":"org.openqa.selenium.StaleElementReferenceException: stale element reference: element is not attached to the page document\n  (Session info: chrome=99.0.4844.74)\nFor documentation on this error, please visit: https://selenium.dev/exceptions/#stale_element_reference\nBuild info: version: '4.1.2', revision: '9a5a329c5a'\nSystem info: host: 'DESKTOP-LFV37HU', ip: '192.168.56.1', os.name: 'Windows 10', os.arch: 'amd64', os.version: '10.0', java.version: '12.0.2'\nDriver info: org.openqa.selenium.chrome.ChromeDriver\nCommand: [0e29c4236777bcd55219ec86a4047cf3, getElementText {id=88269e1a-52fd-4c96-802b-aacc8ca26f2b}]\nCapabilities {acceptInsecureCerts: false, browserName: chrome, browserVersion: 99.0.4844.74, chrome: {chromedriverVersion: 99.0.4844.51 (d537ec02474b5..., userDataDir: C:\\Users\\lezgy\\AppData\\Loca...}, goog:chromeOptions: {debuggerAddress: localhost:62090}, javascriptEnabled: true, networkConnectionEnabled: false, pageLoadStrategy: eager, platform: WINDOWS, platformName: WINDOWS, proxy: Proxy(), se:cdp: ws://localhost:62090/devtoo..., se:cdpVersion: 99.0.4844.74, setWindowRect: true, strictFileInteractability: false, timeouts: {implicit: 0, pageLoad: 300000, script: 30000}, unhandledPromptBehavior: dismiss and notify, webauthn:extension:credBlob: true, webauthn:extension:largeBlob: true, webauthn:virtualAuthenticators: true}\nElement: [[[[ChromeDriver: chrome on WINDOWS (0e29c4236777bcd55219ec86a4047cf3)] -> xpath: //div[contains(@class, 'catalog-products')]//div[@data-id='product']]] -> xpath: .//div[@class='product-buy__price']]\nSession ID: 0e29c4236777bcd55219ec86a4047cf3\r\n\tat java.base/jdk.internal.reflect.NativeConstructorAccessorImpl.newInstance0(Native Method)\r\n\tat java.base/jdk.internal.reflect.NativeConstructorAccessorImpl.newInstance(NativeConstructorAccessorImpl.java:62)\r\n\tat java.base/jdk.internal.reflect.DelegatingConstructorAccessorImpl.newInstance(DelegatingConstructorAccessorImpl.java:45)\r\n\tat java.base/java.lang.reflect.Constructor.newInstanceWithCaller(Constructor.java:500)\r\n\tat java.base/java.lang.reflect.Constructor.newInstance(Constructor.java:481)\r\n\tat org.openqa.selenium.remote.codec.w3c.W3CHttpResponseCodec.createException(W3CHttpResponseCodec.java:200)\r\n\tat org.openqa.selenium.remote.codec.w3c.W3CHttpResponseCodec.decode(W3CHttpResponseCodec.java:133)\r\n\tat org.openqa.selenium.remote.codec.w3c.W3CHttpResponseCodec.decode(W3CHttpResponseCodec.java:53)\r\n\tat org.openqa.selenium.remote.HttpCommandExecutor.execute(HttpCommandExecutor.java:184)\r\n\tat org.openqa.selenium.remote.service.DriverCommandExecutor.invokeExecute(DriverCommandExecutor.java:167)\r\n\tat org.openqa.selenium.remote.service.DriverCommandExecutor.execute(DriverCommandExecutor.java:142)\r\n\tat org.openqa.selenium.remote.RemoteWebDriver.execute(RemoteWebDriver.java:558)\r\n\tat org.openqa.selenium.remote.RemoteWebElement.execute(RemoteWebElement.java:251)\r\n\tat org.openqa.selenium.remote.RemoteWebElement.getText(RemoteWebElement.java:201)\r\n\tat com.qa.shop.pages.catalog.CatalogPanel.lambda$checkProductPrice$1(CatalogPanel.java:90)\r\n\tat java.base/java.util.stream.ReferencePipeline$3$1.accept(ReferencePipeline.java:195)\r\n\tat java.base/java.util.ArrayList$ArrayListSpliterator.tryAdvance(ArrayList.java:1631)\r\n\tat java.base/java.util.stream.ReferencePipeline.forEachWithCancel(ReferencePipeline.java:127)\r\n\tat java.base/java.util.stream.AbstractPipeline.copyIntoWithCancel(AbstractPipeline.java:502)\r\n\tat java.base/java.util.stream.AbstractPipeline.copyInto(AbstractPipeline.java:488)\r\n\tat java.base/java.util.stream.AbstractPipeline.wrapAndCopyInto(AbstractPipeline.java:474)\r\n\tat java.base/java.util.stream.MatchOps$MatchOp.evaluateSequential(MatchOps.java:230)\r\n\tat java.base/java.util.stream.MatchOps$MatchOp.evaluateSequential(MatchOps.java:196)\r\n\tat java.base/java.util.stream.AbstractPipeline.evaluate(AbstractPipeline.java:234)\r\n\tat java.base/java.util.stream.ReferencePipeline.allMatch(ReferencePipeline.java:533)\r\n\tat com.qa.shop.pages.catalog.CatalogPanel.checkProductPrice(CatalogPanel.java:94)\r\n\tat com.qa.shop.tests.filters.FiltersTest.checkProductPrice_aroundBody8(FiltersTest.java:53)\r\n\tat com.qa.shop.tests.filters.FiltersTest$AjcClosure9.run(FiltersTest.java:1)\r\n\tat org.aspectj.runtime.reflect.JoinPointImpl.proceed(JoinPointImpl.java:149)\r\n\tat io.qameta.allure.aspects.StepsAspects.step(StepsAspects.java:51)\r\n\tat com.qa.shop.tests.filters.FiltersTest.checkProductPrice(FiltersTest.java:53)\r\n\tat com.qa.shop.tests.filters.FiltersTest.favouriteTest(FiltersTest.java:63)\r\n\tat java.base/jdk.internal.reflect.NativeMethodAccessorImpl.invoke0(Native Method)\r\n\tat java.base/jdk.internal.reflect.NativeMethodAccessorImpl.invoke(NativeMethodAccessorImpl.java:62)\r\n\tat java.base/jdk.internal.reflect.DelegatingMethodAccessorImpl.invoke(DelegatingMethodAccessorImpl.java:43)\r\n\tat java.base/java.lang.reflect.Method.invoke(Method.java:567)\r\n\tat org.testng.internal.MethodInvocationHelper.invokeMethod(MethodInvocationHelper.java:124)\r\n\tat org.testng.internal.Invoker.invokeMethod(Invoker.java:583)\r\n\tat org.testng.internal.Invoker.invokeTestMethod(Invoker.java:719)\r\n\tat org.testng.internal.Invoker.invokeTestMethods(Invoker.java:989)\r\n\tat org.testng.internal.TestMethodWorker.invokeTestMethods(TestMethodWorker.java:125)\r\n\tat org.testng.internal.TestMethodWorker.run(TestMethodWorker.java:109)\r\n\tat org.testng.TestRunner.privateRun(TestRunner.java:648)\r\n\tat org.testng.TestRunner.run(TestRunner.java:505)\r\n\tat org.testng.SuiteRunner.runTest(SuiteRunner.java:455)\r\n\tat org.testng.SuiteRunner.runSequentially(SuiteRunner.java:450)\r\n\tat org.testng.SuiteRunner.privateRun(SuiteRunner.java:415)\r\n\tat org.testng.SuiteRunner.run(SuiteRunner.java:364)\r\n\tat org.testng.SuiteRunnerWorker.runSuite(SuiteRunnerWorker.java:52)\r\n\tat org.testng.SuiteRunnerWorker.run(SuiteRunnerWorker.java:84)\r\n\tat org.testng.TestNG.runSuitesSequentially(TestNG.java:1208)\r\n\tat org.testng.TestNG.runSuitesLocally(TestNG.java:1137)\r\n\tat org.testng.TestNG.runSuites(TestNG.java:1049)\r\n\tat org.testng.TestNG.run(TestNG.java:1017)\r\n\tat com.intellij.rt.testng.IDEARemoteTestNG.run(IDEARemoteTestNG.java:66)\r\n\tat com.intellij.rt.testng.RemoteTestNGStarter.main(RemoteTestNGStarter.java:110)\r\n"},"stage":"finished","start":1647792694124,"stop":1647792695647,"parameters":[{"name":"maxPrice","value":"15000"}]}],"parameters":[]}